<?xml version="1.0" encoding="UTF-8"?>
<!-- Generated by org.testng.reporters.JUnitReportReporter -->
<testsuite name="example.DemoTest" tests="1" time="5.118" ignored="0" failures="0" timestamp="24 Feb 2017 07:13:03 GMT" skipped="0" hostname="S19" errors="0">
  <testcase name="demo1" time="5.118" classname="example.DemoTest"/>
</testsuite> <!-- example.DemoTest -->
