<?xml version="1.0" encoding="UTF-8"?>
<!-- Generated by org.testng.reporters.JUnitReportReporter -->
<testsuite name="example.NewTest" tests="1" time="27.117" ignored="0" failures="0" timestamp="23 Feb 2017 07:41:25 GMT" skipped="0" hostname="S19" errors="0">
  <testcase name="testEasy" time="27.117" classname="example.NewTest"/>
</testsuite> <!-- example.NewTest -->
